
*** Running vivado
    with args -log vga_driver.vdi -applog -m64 -product Vivado -messageDb vivado.pb -mode batch -source vga_driver.tcl -notrace


ECHO is off.
ECHO is off.

****** Vivado v2023.2 (64-bit)
  **** SW Build 4029153 on Fri Oct 13 20:14:34 MDT 2023
  **** IP Build 4028589 on Sat Oct 14 00:45:43 MDT 2023
  **** SharedData Build 4025554 on Tue Oct 10 17:18:54 MDT 2023
    ** Copyright 1986-2022 Xilinx, Inc. All Rights Reserved.
    ** Copyright 2022-2023 Advanced Micro Devices, Inc. All Rights Reserved.

source vga_driver.tcl -notrace
Command: link_design -top vga_driver -part xc7z020clg484-1
Design is defaulting to srcset: sources_1
Design is defaulting to constrset: constrs_1
INFO: [Device 21-403] Loading part xc7z020clg484-1
Netlist sorting complete. Time (s): cpu = 00:00:00 ; elapsed = 00:00:00.013 . Memory (MB): peak = 929.344 ; gain = 0.000
INFO: [Netlist 29-17] Analyzing 504 Unisim elements for replacement
INFO: [Netlist 29-28] Unisim Transformation completed in 0 CPU seconds
WARNING: [Netlist 29-101] Netlist 'vga_driver' is not ideal for floorplanning, since the cellview 'vga_driver' contains a large number of primitives.  Please consider enabling hierarchy in synthesis if you want to do floorplanning.
INFO: [Project 1-479] Netlist was created with Vivado 2023.2
INFO: [Project 1-570] Preparing netlist for logic optimization
Parsing XDC File [C:/Users/Mashiro/lab05/lab05.srcs/constrs_1/new/lab05.xdc]
Finished Parsing XDC File [C:/Users/Mashiro/lab05/lab05.srcs/constrs_1/new/lab05.xdc]
INFO: [Opt 31-138] Pushed 0 inverter(s) to 0 load pin(s).
Netlist sorting complete. Time (s): cpu = 00:00:00 ; elapsed = 00:00:00 . Memory (MB): peak = 1060.703 ; gain = 0.000
INFO: [Project 1-111] Unisim Transformation Summary:
No Unisim elements were transformed.

The system cannot find the path specified.
7 Infos, 1 Warnings, 0 Critical Warnings and 0 Errors encountered.
link_design completed successfully
Command: opt_design
Attempting to get a license for feature 'Implementation' and/or device 'xc7z020'
INFO: [Common 17-349] Got license for feature 'Implementation' and/or device 'xc7z020'
Running DRC as a precondition to command opt_design

Starting DRC Task
INFO: [DRC 23-27] Running DRC with 16 threads
ERROR: [DRC MDRV-1] Multiple Driver Nets: Net ball_2x[0] has multiple drivers: ball_2x_reg[0]/Q, and ball_2x_reg[0]__0/Q.
ERROR: [DRC MDRV-1] Multiple Driver Nets: Net ball_2x[10] has multiple drivers: ball_2x_reg[10]__0/Q, and ball_2x_reg[10]/Q.
ERROR: [DRC MDRV-1] Multiple Driver Nets: Net ball_2x[11] has multiple drivers: ball_2x_reg[11]/Q, and ball_2x_reg[11]__0/Q.
ERROR: [DRC MDRV-1] Multiple Driver Nets: Net ball_2x[12] has multiple drivers: ball_2x_reg[12]/Q, and ball_2x_reg[12]__0/Q.
ERROR: [DRC MDRV-1] Multiple Driver Nets: Net ball_2x[13] has multiple drivers: ball_2x_reg[13]/Q, and ball_2x_reg[13]__0/Q.
ERROR: [DRC MDRV-1] Multiple Driver Nets: Net ball_2x[14] has multiple drivers: ball_2x_reg[14]/Q, and ball_2x_reg[14]__0/Q.
ERROR: [DRC MDRV-1] Multiple Driver Nets: Net ball_2x[15] has multiple drivers: ball_2x_reg[15]__0/Q, and ball_2x_reg[15]/Q.
ERROR: [DRC MDRV-1] Multiple Driver Nets: Net ball_2x[16] has multiple drivers: ball_2x_reg[16]__0/Q, and ball_2x_reg[16]/Q.
ERROR: [DRC MDRV-1] Multiple Driver Nets: Net ball_2x[17] has multiple drivers: ball_2x_reg[17]/Q, and ball_2x_reg[17]__0/Q.
ERROR: [DRC MDRV-1] Multiple Driver Nets: Net ball_2x[18] has multiple drivers: ball_2x_reg[18]/Q, and ball_2x_reg[18]__0/Q.
ERROR: [DRC MDRV-1] Multiple Driver Nets: Net ball_2x[19] has multiple drivers: ball_2x_reg[19]/Q, and ball_2x_reg[19]__0/Q.
ERROR: [DRC MDRV-1] Multiple Driver Nets: Net ball_2x[1] has multiple drivers: ball_2x_reg[1]/Q, and ball_2x_reg[1]__0/Q.
ERROR: [DRC MDRV-1] Multiple Driver Nets: Net ball_2x[20] has multiple drivers: ball_2x_reg[20]/Q, and ball_2x_reg[20]__0/Q.
ERROR: [DRC MDRV-1] Multiple Driver Nets: Net ball_2x[21] has multiple drivers: ball_2x_reg[21]__0/Q, and ball_2x_reg[21]/Q.
ERROR: [DRC MDRV-1] Multiple Driver Nets: Net ball_2x[22] has multiple drivers: ball_2x_reg[22]/Q, and ball_2x_reg[22]__0/Q.
ERROR: [DRC MDRV-1] Multiple Driver Nets: Net ball_2x[23] has multiple drivers: ball_2x_reg[23]/Q, and ball_2x_reg[23]__0/Q.
ERROR: [DRC MDRV-1] Multiple Driver Nets: Net ball_2x[24] has multiple drivers: ball_2x_reg[24]/Q, and ball_2x_reg[24]__0/Q.
ERROR: [DRC MDRV-1] Multiple Driver Nets: Net ball_2x[25] has multiple drivers: ball_2x_reg[25]/Q, and ball_2x_reg[25]__0/Q.
ERROR: [DRC MDRV-1] Multiple Driver Nets: Net ball_2x[26] has multiple drivers: ball_2x_reg[26]__0/Q, and ball_2x_reg[26]/Q.
ERROR: [DRC MDRV-1] Multiple Driver Nets: Net ball_2x[27] has multiple drivers: ball_2x_reg[27]__0/Q, and ball_2x_reg[27]/Q.
ERROR: [DRC MDRV-1] Multiple Driver Nets: Net ball_2x[28] has multiple drivers: ball_2x_reg[28]__0/Q, and ball_2x_reg[28]/Q.
ERROR: [DRC MDRV-1] Multiple Driver Nets: Net ball_2x[29] has multiple drivers: ball_2x_reg[29]__0/Q, and ball_2x_reg[29]/Q.
ERROR: [DRC MDRV-1] Multiple Driver Nets: Net ball_2x[2] has multiple drivers: ball_2x_reg[2]/Q, and ball_2x_reg[2]__0/Q.
ERROR: [DRC MDRV-1] Multiple Driver Nets: Net ball_2x[30] has multiple drivers: ball_2x_reg[30]/Q, and ball_2x_reg[30]__0/Q.
ERROR: [DRC MDRV-1] Multiple Driver Nets: Net ball_2x[31] has multiple drivers: ball_2x_reg[31]__0/Q, and ball_2x_reg[31]/Q.
ERROR: [DRC MDRV-1] Multiple Driver Nets: Net ball_2x[3] has multiple drivers: ball_2x_reg[3]__0/Q, and ball_2x_reg[3]/Q.
ERROR: [DRC MDRV-1] Multiple Driver Nets: Net ball_2x[4] has multiple drivers: ball_2x_reg[4]/Q, and ball_2x_reg[4]__0/Q.
ERROR: [DRC MDRV-1] Multiple Driver Nets: Net ball_2x[5] has multiple drivers: ball_2x_reg[5]/Q, and ball_2x_reg[5]__0/Q.
ERROR: [DRC MDRV-1] Multiple Driver Nets: Net ball_2x[6] has multiple drivers: ball_2x_reg[6]/Q, and ball_2x_reg[6]__0/Q.
ERROR: [DRC MDRV-1] Multiple Driver Nets: Net ball_2x[7] has multiple drivers: ball_2x_reg[7]__0/Q, and ball_2x_reg[7]/Q.
ERROR: [DRC MDRV-1] Multiple Driver Nets: Net ball_2x[8] has multiple drivers: ball_2x_reg[8]/Q, and ball_2x_reg[8]__0/Q.
ERROR: [DRC MDRV-1] Multiple Driver Nets: Net ball_2x[9] has multiple drivers: ball_2x_reg[9]/Q, and ball_2x_reg[9]__0/Q.
ERROR: [DRC MDRV-1] Multiple Driver Nets: Net ball_2y[0] has multiple drivers: ball_2y_reg[0]/Q, and ball_2y_reg[0]__0/Q.
ERROR: [DRC MDRV-1] Multiple Driver Nets: Net ball_2y[10] has multiple drivers: ball_2y_reg[10]/Q, and ball_2y_reg[10]__0/Q.
ERROR: [DRC MDRV-1] Multiple Driver Nets: Net ball_2y[11] has multiple drivers: ball_2y_reg[11]/Q, and ball_2y_reg[11]__0/Q.
ERROR: [DRC MDRV-1] Multiple Driver Nets: Net ball_2y[12] has multiple drivers: ball_2y_reg[12]__0/Q, and ball_2y_reg[12]/Q.
ERROR: [DRC MDRV-1] Multiple Driver Nets: Net ball_2y[13] has multiple drivers: ball_2y_reg[13]/Q, and ball_2y_reg[13]__0/Q.
ERROR: [DRC MDRV-1] Multiple Driver Nets: Net ball_2y[14] has multiple drivers: ball_2y_reg[14]__0/Q, and ball_2y_reg[14]/Q.
ERROR: [DRC MDRV-1] Multiple Driver Nets: Net ball_2y[15] has multiple drivers: ball_2y_reg[15]/Q, and ball_2y_reg[15]__0/Q.
ERROR: [DRC MDRV-1] Multiple Driver Nets: Net ball_2y[16] has multiple drivers: ball_2y_reg[16]/Q, and ball_2y_reg[16]__0/Q.
ERROR: [DRC MDRV-1] Multiple Driver Nets: Net ball_2y[17] has multiple drivers: ball_2y_reg[17]/Q, and ball_2y_reg[17]__0/Q.
ERROR: [DRC MDRV-1] Multiple Driver Nets: Net ball_2y[18] has multiple drivers: ball_2y_reg[18]/Q, and ball_2y_reg[18]__0/Q.
ERROR: [DRC MDRV-1] Multiple Driver Nets: Net ball_2y[19] has multiple drivers: ball_2y_reg[19]/Q, and ball_2y_reg[19]__0/Q.
ERROR: [DRC MDRV-1] Multiple Driver Nets: Net ball_2y[1] has multiple drivers: ball_2y_reg[1]/Q, and ball_2y_reg[1]__0/Q.
ERROR: [DRC MDRV-1] Multiple Driver Nets: Net ball_2y[20] has multiple drivers: ball_2y_reg[20]__0/Q, and ball_2y_reg[20]/Q.
ERROR: [DRC MDRV-1] Multiple Driver Nets: Net ball_2y[21] has multiple drivers: ball_2y_reg[21]/Q, and ball_2y_reg[21]__0/Q.
ERROR: [DRC MDRV-1] Multiple Driver Nets: Net ball_2y[22] has multiple drivers: ball_2y_reg[22]__0/Q, and ball_2y_reg[22]/Q.
ERROR: [DRC MDRV-1] Multiple Driver Nets: Net ball_2y[23] has multiple drivers: ball_2y_reg[23]__0/Q, and ball_2y_reg[23]/Q.
ERROR: [DRC MDRV-1] Multiple Driver Nets: Net ball_2y[24] has multiple drivers: ball_2y_reg[24]__0/Q, and ball_2y_reg[24]/Q.
ERROR: [DRC MDRV-1] Multiple Driver Nets: Net ball_2y[25] has multiple drivers: ball_2y_reg[25]/Q, and ball_2y_reg[25]__0/Q.
ERROR: [DRC MDRV-1] Multiple Driver Nets: Net ball_2y[26] has multiple drivers: ball_2y_reg[26]/Q, and ball_2y_reg[26]__0/Q.
ERROR: [DRC MDRV-1] Multiple Driver Nets: Net ball_2y[27] has multiple drivers: ball_2y_reg[27]/Q, and ball_2y_reg[27]__0/Q.
ERROR: [DRC MDRV-1] Multiple Driver Nets: Net ball_2y[28] has multiple drivers: ball_2y_reg[28]/Q, and ball_2y_reg[28]__0/Q.
ERROR: [DRC MDRV-1] Multiple Driver Nets: Net ball_2y[29] has multiple drivers: ball_2y_reg[29]/Q, and ball_2y_reg[29]__0/Q.
ERROR: [DRC MDRV-1] Multiple Driver Nets: Net ball_2y[2] has multiple drivers: ball_2y_reg[2]__0/Q, and ball_2y_reg[2]/Q.
ERROR: [DRC MDRV-1] Multiple Driver Nets: Net ball_2y[30] has multiple drivers: ball_2y_reg[30]__0/Q, and ball_2y_reg[30]/Q.
ERROR: [DRC MDRV-1] Multiple Driver Nets: Net ball_2y[31] has multiple drivers: ball_2y_reg[31]/Q, and ball_2y_reg[31]__0/Q.
ERROR: [DRC MDRV-1] Multiple Driver Nets: Net ball_2y[3] has multiple drivers: ball_2y_reg[3]__0/Q, and ball_2y_reg[3]/Q.
ERROR: [DRC MDRV-1] Multiple Driver Nets: Net ball_2y[4] has multiple drivers: ball_2y_reg[4]__0/Q, and ball_2y_reg[4]/Q.
ERROR: [DRC MDRV-1] Multiple Driver Nets: Net ball_2y[5] has multiple drivers: ball_2y_reg[5]/Q, and ball_2y_reg[5]__0/Q.
ERROR: [DRC MDRV-1] Multiple Driver Nets: Net ball_2y[6] has multiple drivers: ball_2y_reg[6]/Q, and ball_2y_reg[6]__0/Q.
ERROR: [DRC MDRV-1] Multiple Driver Nets: Net ball_2y[7] has multiple drivers: ball_2y_reg[7]/Q, and ball_2y_reg[7]__0/Q.
ERROR: [DRC MDRV-1] Multiple Driver Nets: Net ball_2y[8] has multiple drivers: ball_2y_reg[8]/Q, and ball_2y_reg[8]__0/Q.
ERROR: [DRC MDRV-1] Multiple Driver Nets: Net ball_2y[9] has multiple drivers: ball_2y_reg[9]/Q, and ball_2y_reg[9]__0/Q.
INFO: [Project 1-461] DRC finished with 64 Errors
INFO: [Project 1-462] Please refer to the DRC report (report_drc) for more information.
ERROR: [Vivado_Tcl 4-78] Error(s) found during DRC. Opt_design not run.

Time (s): cpu = 00:00:01 ; elapsed = 00:00:00.561 . Memory (MB): peak = 1088.562 ; gain = 27.859
INFO: [Common 17-83] Releasing license: Implementation
12 Infos, 1 Warnings, 0 Critical Warnings and 65 Errors encountered.
opt_design failed
ERROR: [Common 17-39] 'opt_design' failed due to earlier errors.

INFO: [Common 17-206] Exiting Vivado at Sun May 12 13:30:41 2024...
