
*** Running vivado
    with args -log vga_driver.vds -m64 -product Vivado -mode batch -messageDb vivado.pb -notrace -source vga_driver.tcl


ECHO is off.
ECHO is off.

****** Vivado v2023.2 (64-bit)
  **** SW Build 4029153 on Fri Oct 13 20:14:34 MDT 2023
  **** IP Build 4028589 on Sat Oct 14 00:45:43 MDT 2023
  **** SharedData Build 4025554 on Tue Oct 10 17:18:54 MDT 2023
    ** Copyright 1986-2022 Xilinx, Inc. All Rights Reserved.
    ** Copyright 2022-2023 Advanced Micro Devices, Inc. All Rights Reserved.

source vga_driver.tcl -notrace
Command: read_checkpoint -auto_incremental -incremental C:/Users/Mashiro/lab05/lab05.srcs/utils_1/imports/synth_1/vga_driver.dcp
INFO: [Vivado 12-5825] Read reference checkpoint from C:/Users/Mashiro/lab05/lab05.srcs/utils_1/imports/synth_1/vga_driver.dcp for incremental synthesis
INFO: [Vivado 12-7989] Please ensure there are no constraint changes
Command: synth_design -top vga_driver -part xc7z020clg484-1
Starting synth_design
Attempting to get a license for feature 'Synthesis' and/or device 'xc7z020'
INFO: [Common 17-349] Got license for feature 'Synthesis' and/or device 'xc7z020'
INFO: [Device 21-403] Loading part xc7z020clg484-1
INFO: [Designutils 20-5440] No compile time benefit to using incremental synthesis; A full resynthesis will be run
INFO: [Designutils 20-4379] Flow is switching to default flow due to incremental criteria not met. If you would like to alter this behaviour and have the flow terminate instead, please set the following parameter config_implementation {autoIncr.Synth.RejectBehavior Terminate}
INFO: [Synth 8-7079] Multithreading enabled for synth_design using a maximum of 8 processes.
INFO: [Synth 8-7078] Launching helper process for spawning children vivado processes
INFO: [Synth 8-7075] Helper process launched with PID 19304
---------------------------------------------------------------------------------
Starting RTL Elaboration : Time (s): cpu = 00:00:03 ; elapsed = 00:00:03 . Memory (MB): peak = 1370.551 ; gain = 441.109
---------------------------------------------------------------------------------
INFO: [Synth 8-638] synthesizing module 'vga_driver' [C:/Users/Mashiro/lab05/lab05.srcs/sources_1/new/lab05.vhd:14]
	Parameter N bound to: 1 - type: integer 
INFO: [Synth 8-3491] module 'clock_divider' declared at 'C:/Users/Mashiro/lab05/lab05.srcs/sources_1/new/clock_divider.vhd:5' bound to instance 'comp_clk50MHz' of component 'clock_divider' [C:/Users/Mashiro/lab05/lab05.srcs/sources_1/new/lab05.vhd:68]
INFO: [Synth 8-638] synthesizing module 'clock_divider' [C:/Users/Mashiro/lab05/lab05.srcs/sources_1/new/clock_divider.vhd:10]
	Parameter N bound to: 1 - type: integer 
INFO: [Synth 8-256] done synthesizing module 'clock_divider' (0#1) [C:/Users/Mashiro/lab05/lab05.srcs/sources_1/new/clock_divider.vhd:10]
	Parameter N bound to: 5000000 - type: integer 
INFO: [Synth 8-3491] module 'clock_divider' declared at 'C:/Users/Mashiro/lab05/lab05.srcs/sources_1/new/clock_divider.vhd:5' bound to instance 'comp_clk10Hz' of component 'clock_divider' [C:/Users/Mashiro/lab05/lab05.srcs/sources_1/new/lab05.vhd:70]
INFO: [Synth 8-638] synthesizing module 'clock_divider__parameterized1' [C:/Users/Mashiro/lab05/lab05.srcs/sources_1/new/clock_divider.vhd:10]
	Parameter N bound to: 5000000 - type: integer 
INFO: [Synth 8-256] done synthesizing module 'clock_divider__parameterized1' (0#1) [C:/Users/Mashiro/lab05/lab05.srcs/sources_1/new/clock_divider.vhd:10]
WARNING: [Synth 8-614] signal 'white_x' is read in the process but is not in the sensitivity list [C:/Users/Mashiro/lab05/lab05.srcs/sources_1/new/lab05.vhd:73]
WARNING: [Synth 8-614] signal 'white_y' is read in the process but is not in the sensitivity list [C:/Users/Mashiro/lab05/lab05.srcs/sources_1/new/lab05.vhd:73]
WARNING: [Synth 8-614] signal 'white_x' is read in the process but is not in the sensitivity list [C:/Users/Mashiro/lab05/lab05.srcs/sources_1/new/lab05.vhd:207]
WARNING: [Synth 8-614] signal 'white_y' is read in the process but is not in the sensitivity list [C:/Users/Mashiro/lab05/lab05.srcs/sources_1/new/lab05.vhd:207]
WARNING: [Synth 8-614] signal 'ball_2x' is read in the process but is not in the sensitivity list [C:/Users/Mashiro/lab05/lab05.srcs/sources_1/new/lab05.vhd:207]
WARNING: [Synth 8-614] signal 'ball_2y' is read in the process but is not in the sensitivity list [C:/Users/Mashiro/lab05/lab05.srcs/sources_1/new/lab05.vhd:207]
INFO: [Synth 8-256] done synthesizing module 'vga_driver' (0#1) [C:/Users/Mashiro/lab05/lab05.srcs/sources_1/new/lab05.vhd:14]
---------------------------------------------------------------------------------
Finished RTL Elaboration : Time (s): cpu = 00:00:04 ; elapsed = 00:00:04 . Memory (MB): peak = 1478.195 ; gain = 548.754
---------------------------------------------------------------------------------
---------------------------------------------------------------------------------
Start Handling Custom Attributes
---------------------------------------------------------------------------------
---------------------------------------------------------------------------------
Finished Handling Custom Attributes : Time (s): cpu = 00:00:04 ; elapsed = 00:00:04 . Memory (MB): peak = 1478.195 ; gain = 548.754
---------------------------------------------------------------------------------
---------------------------------------------------------------------------------
Finished RTL Optimization Phase 1 : Time (s): cpu = 00:00:04 ; elapsed = 00:00:04 . Memory (MB): peak = 1478.195 ; gain = 548.754
---------------------------------------------------------------------------------
Netlist sorting complete. Time (s): cpu = 00:00:00 ; elapsed = 00:00:00.007 . Memory (MB): peak = 1478.195 ; gain = 0.000
INFO: [Project 1-570] Preparing netlist for logic optimization

Processing XDC Constraints
Initializing timing engine
Parsing XDC File [C:/Users/Mashiro/lab05/lab05.srcs/constrs_1/new/lab05.xdc]
WARNING: [Vivado 12-584] No ports matched '[get_ports -of_objects [get_iobanks 33]]'. [C:/Users/Mashiro/lab05/lab05.srcs/constrs_1/new/lab05.xdc:16]
WARNING: [Vivado 12-584] No ports matched '[get_ports -of_objects [get_iobanks 13]]'. [C:/Users/Mashiro/lab05/lab05.srcs/constrs_1/new/lab05.xdc:18]
Finished Parsing XDC File [C:/Users/Mashiro/lab05/lab05.srcs/constrs_1/new/lab05.xdc]
INFO: [Project 1-236] Implementation specific constraints were found while reading constraint file [C:/Users/Mashiro/lab05/lab05.srcs/constrs_1/new/lab05.xdc]. These constraints will be ignored for synthesis but will be used in implementation. Impacted constraints are listed in the file [.Xil/vga_driver_propImpl.xdc].
Resolution: To avoid this warning, move constraints listed in [.Xil/vga_driver_propImpl.xdc] to another XDC file and exclude this new file from synthesis with the used_in_synthesis property (File Properties dialog in GUI) and re-run elaboration/synthesis.
Completed Processing XDC Constraints

Netlist sorting complete. Time (s): cpu = 00:00:00 ; elapsed = 00:00:00 . Memory (MB): peak = 1544.219 ; gain = 0.000
INFO: [Project 1-111] Unisim Transformation Summary:
No Unisim elements were transformed.

The system cannot find the path specified.
Constraint Validation Runtime : Time (s): cpu = 00:00:00 ; elapsed = 00:00:00.002 . Memory (MB): peak = 1544.219 ; gain = 0.000
INFO: [Designutils 20-5440] No compile time benefit to using incremental synthesis; A full resynthesis will be run
INFO: [Designutils 20-4379] Flow is switching to default flow due to incremental criteria not met. If you would like to alter this behaviour and have the flow terminate instead, please set the following parameter config_implementation {autoIncr.Synth.RejectBehavior Terminate}
---------------------------------------------------------------------------------
Finished Constraint Validation : Time (s): cpu = 00:00:09 ; elapsed = 00:00:09 . Memory (MB): peak = 1544.219 ; gain = 614.777
---------------------------------------------------------------------------------
---------------------------------------------------------------------------------
Start Loading Part and Timing Information
---------------------------------------------------------------------------------
Loading part: xc7z020clg484-1
---------------------------------------------------------------------------------
Finished Loading Part and Timing Information : Time (s): cpu = 00:00:09 ; elapsed = 00:00:09 . Memory (MB): peak = 1544.219 ; gain = 614.777
---------------------------------------------------------------------------------
---------------------------------------------------------------------------------
Start Applying 'set_property' XDC Constraints
---------------------------------------------------------------------------------
---------------------------------------------------------------------------------
Finished applying 'set_property' XDC Constraints : Time (s): cpu = 00:00:09 ; elapsed = 00:00:09 . Memory (MB): peak = 1544.219 ; gain = 614.777
---------------------------------------------------------------------------------
---------------------------------------------------------------------------------
Finished RTL Optimization Phase 2 : Time (s): cpu = 00:00:09 ; elapsed = 00:00:09 . Memory (MB): peak = 1544.219 ; gain = 614.777
---------------------------------------------------------------------------------
---------------------------------------------------------------------------------
Start RTL Component Statistics 
---------------------------------------------------------------------------------
Detailed RTL Component Info : 
+---Adders : 
	   2 Input   32 Bit       Adders := 18    
	   3 Input   32 Bit       Adders := 8     
	   4 Input   32 Bit       Adders := 2     
	   2 Input   31 Bit       Adders := 2     
+---Registers : 
	               32 Bit    Registers := 8     
	                1 Bit    Registers := 2     
+---Multipliers : 
	              32x32  Multipliers := 10    
+---Muxes : 
	   2 Input   32 Bit        Muxes := 4     
	   2 Input   31 Bit        Muxes := 2     
	   2 Input    4 Bit        Muxes := 2     
	   2 Input    1 Bit        Muxes := 2     
---------------------------------------------------------------------------------
Finished RTL Component Statistics 
---------------------------------------------------------------------------------
---------------------------------------------------------------------------------
Start Part Resource Summary
---------------------------------------------------------------------------------
Part Resources:
DSPs: 220 (col length:60)
BRAMs: 280 (col length: RAMB18 60 RAMB36 30)
---------------------------------------------------------------------------------
Finished Part Resource Summary
---------------------------------------------------------------------------------
---------------------------------------------------------------------------------
Start Cross Boundary and Area Optimization
---------------------------------------------------------------------------------
WARNING: [Synth 8-7080] Parallel synthesis criteria is not met
DSP Report: Generating DSP red2, operation Mode is: A*B.
DSP Report: operator red2 is absorbed into DSP red2.
DSP Report: operator red2 is absorbed into DSP red2.
DSP Report: Generating DSP red2, operation Mode is: A*B.
DSP Report: operator red2 is absorbed into DSP red2.
DSP Report: operator red2 is absorbed into DSP red2.
DSP Report: Generating DSP red2, operation Mode is: (PCIN>>17)+A*B.
DSP Report: operator red2 is absorbed into DSP red2.
DSP Report: operator red2 is absorbed into DSP red2.
DSP Report: Generating DSP red2, operation Mode is: A*B.
DSP Report: operator red2 is absorbed into DSP red2.
DSP Report: operator red2 is absorbed into DSP red2.
DSP Report: Generating DSP red2, operation Mode is: A*B.
DSP Report: operator red2 is absorbed into DSP red2.
DSP Report: operator red2 is absorbed into DSP red2.
DSP Report: Generating DSP red2, operation Mode is: (PCIN>>17)+A*B.
DSP Report: operator red2 is absorbed into DSP red2.
DSP Report: operator red2 is absorbed into DSP red2.
DSP Report: Generating DSP white_vx8, operation Mode is: A*B.
DSP Report: operator white_vx8 is absorbed into DSP white_vx8.
DSP Report: operator white_vx8 is absorbed into DSP white_vx8.
DSP Report: Generating DSP white_vx8, operation Mode is: A*B.
DSP Report: operator white_vx8 is absorbed into DSP white_vx8.
DSP Report: operator white_vx8 is absorbed into DSP white_vx8.
DSP Report: Generating DSP white_vx8, operation Mode is: (PCIN>>17)+A*B.
DSP Report: operator white_vx8 is absorbed into DSP white_vx8.
DSP Report: operator white_vx8 is absorbed into DSP white_vx8.
DSP Report: Generating DSP white_vx2, operation Mode is: A*B.
DSP Report: operator white_vx2 is absorbed into DSP white_vx2.
DSP Report: operator white_vx2 is absorbed into DSP white_vx2.
DSP Report: Generating DSP white_vx2, operation Mode is: A*B.
DSP Report: operator white_vx2 is absorbed into DSP white_vx2.
DSP Report: operator white_vx2 is absorbed into DSP white_vx2.
DSP Report: Generating DSP white_vx2, operation Mode is: (PCIN>>17)+A*B.
DSP Report: operator white_vx2 is absorbed into DSP white_vx2.
DSP Report: operator white_vx2 is absorbed into DSP white_vx2.
DSP Report: Generating DSP white_vx8, operation Mode is: A*B.
DSP Report: operator white_vx8 is absorbed into DSP white_vx8.
DSP Report: operator white_vx8 is absorbed into DSP white_vx8.
DSP Report: Generating DSP white_vx8, operation Mode is: A*B.
DSP Report: operator white_vx8 is absorbed into DSP white_vx8.
DSP Report: operator white_vx8 is absorbed into DSP white_vx8.
DSP Report: Generating DSP white_vx8, operation Mode is: (PCIN>>17)+A*B.
DSP Report: operator white_vx8 is absorbed into DSP white_vx8.
DSP Report: operator white_vx8 is absorbed into DSP white_vx8.
DSP Report: Generating DSP white_vx8, operation Mode is: A*B.
DSP Report: operator white_vx8 is absorbed into DSP white_vx8.
DSP Report: operator white_vx8 is absorbed into DSP white_vx8.
DSP Report: Generating DSP white_vx8, operation Mode is: A*B.
DSP Report: operator white_vx8 is absorbed into DSP white_vx8.
DSP Report: operator white_vx8 is absorbed into DSP white_vx8.
DSP Report: Generating DSP white_vx8, operation Mode is: (PCIN>>17)+A*B.
DSP Report: operator white_vx8 is absorbed into DSP white_vx8.
DSP Report: operator white_vx8 is absorbed into DSP white_vx8.
DSP Report: Generating DSP white_vx8, operation Mode is: A*B.
DSP Report: operator white_vx8 is absorbed into DSP white_vx8.
DSP Report: operator white_vx8 is absorbed into DSP white_vx8.
DSP Report: Generating DSP white_vx8, operation Mode is: A*B.
DSP Report: operator white_vx8 is absorbed into DSP white_vx8.
DSP Report: operator white_vx8 is absorbed into DSP white_vx8.
DSP Report: Generating DSP white_vx8, operation Mode is: (PCIN>>17)+A*B.
DSP Report: operator white_vx8 is absorbed into DSP white_vx8.
DSP Report: operator white_vx8 is absorbed into DSP white_vx8.
DSP Report: Generating DSP white_vy2, operation Mode is: A*B.
DSP Report: operator white_vy2 is absorbed into DSP white_vy2.
DSP Report: operator white_vy2 is absorbed into DSP white_vy2.
DSP Report: Generating DSP white_vy2, operation Mode is: A*B.
DSP Report: operator white_vy2 is absorbed into DSP white_vy2.
DSP Report: operator white_vy2 is absorbed into DSP white_vy2.
DSP Report: Generating DSP white_vy2, operation Mode is: (PCIN>>17)+A*B.
DSP Report: operator white_vy2 is absorbed into DSP white_vy2.
DSP Report: operator white_vy2 is absorbed into DSP white_vy2.
DSP Report: Generating DSP white_vx2, operation Mode is: A*B.
DSP Report: operator white_vx2 is absorbed into DSP white_vx2.
DSP Report: operator white_vx2 is absorbed into DSP white_vx2.
DSP Report: Generating DSP white_vx2, operation Mode is: A*B.
DSP Report: operator white_vx2 is absorbed into DSP white_vx2.
DSP Report: operator white_vx2 is absorbed into DSP white_vx2.
DSP Report: Generating DSP white_vx2, operation Mode is: (PCIN>>17)+A*B.
DSP Report: operator white_vx2 is absorbed into DSP white_vx2.
DSP Report: operator white_vx2 is absorbed into DSP white_vx2.
DSP Report: Generating DSP white_vx2, operation Mode is: A*B.
DSP Report: operator white_vx2 is absorbed into DSP white_vx2.
DSP Report: operator white_vx2 is absorbed into DSP white_vx2.
DSP Report: Generating DSP white_vx2, operation Mode is: A*B.
DSP Report: operator white_vx2 is absorbed into DSP white_vx2.
DSP Report: operator white_vx2 is absorbed into DSP white_vx2.
DSP Report: Generating DSP white_vx2, operation Mode is: (PCIN>>17)+A*B.
DSP Report: operator white_vx2 is absorbed into DSP white_vx2.
DSP Report: operator white_vx2 is absorbed into DSP white_vx2.
DSP Report: Generating DSP blue2, operation Mode is: A*B.
DSP Report: operator blue2 is absorbed into DSP blue2.
DSP Report: operator blue2 is absorbed into DSP blue2.
DSP Report: Generating DSP blue2, operation Mode is: A*B.
DSP Report: operator blue2 is absorbed into DSP blue2.
DSP Report: operator blue2 is absorbed into DSP blue2.
DSP Report: Generating DSP blue2, operation Mode is: (PCIN>>17)+A*B.
DSP Report: operator blue2 is absorbed into DSP blue2.
DSP Report: operator blue2 is absorbed into DSP blue2.
DSP Report: Generating DSP blue2, operation Mode is: A*B.
DSP Report: operator blue2 is absorbed into DSP blue2.
DSP Report: operator blue2 is absorbed into DSP blue2.
DSP Report: Generating DSP blue2, operation Mode is: A*B.
DSP Report: operator blue2 is absorbed into DSP blue2.
DSP Report: operator blue2 is absorbed into DSP blue2.
DSP Report: Generating DSP blue2, operation Mode is: (PCIN>>17)+A*B.
DSP Report: operator blue2 is absorbed into DSP blue2.
DSP Report: operator blue2 is absorbed into DSP blue2.
---------------------------------------------------------------------------------
Finished Cross Boundary and Area Optimization : Time (s): cpu = 00:00:12 ; elapsed = 00:00:12 . Memory (MB): peak = 1544.219 ; gain = 614.777
---------------------------------------------------------------------------------
 Sort Area is  blue2_18 : 0 0 : 2701 4456 : Used 1 time 0
 Sort Area is  blue2_18 : 0 1 : 1755 4456 : Used 1 time 0
 Sort Area is  blue2_1a : 0 0 : 2701 4456 : Used 1 time 0
 Sort Area is  blue2_1a : 0 1 : 1755 4456 : Used 1 time 0
 Sort Area is  red2_0 : 0 0 : 2701 4456 : Used 1 time 0
 Sort Area is  red2_0 : 0 1 : 1755 4456 : Used 1 time 0
 Sort Area is  red2_5 : 0 0 : 2701 4456 : Used 1 time 0
 Sort Area is  red2_5 : 0 1 : 1755 4456 : Used 1 time 0
 Sort Area is  white_vx2_12 : 0 0 : 2701 4456 : Used 1 time 0
 Sort Area is  white_vx2_12 : 0 1 : 1755 4456 : Used 1 time 0
 Sort Area is  white_vx2_14 : 0 0 : 2701 4456 : Used 1 time 0
 Sort Area is  white_vx2_14 : 0 1 : 1755 4456 : Used 1 time 0
 Sort Area is  white_vx2_16 : 0 0 : 2701 4456 : Used 1 time 0
 Sort Area is  white_vx2_16 : 0 1 : 1755 4456 : Used 1 time 0
 Sort Area is  white_vx8_10 : 0 0 : 2701 4456 : Used 1 time 0
 Sort Area is  white_vx8_10 : 0 1 : 1755 4456 : Used 1 time 0
 Sort Area is  white_vx8_7 : 0 0 : 2701 4456 : Used 1 time 0
 Sort Area is  white_vx8_7 : 0 1 : 1755 4456 : Used 1 time 0
 Sort Area is  white_vx8_c : 0 0 : 2701 4456 : Used 1 time 0
 Sort Area is  white_vx8_c : 0 1 : 1755 4456 : Used 1 time 0
 Sort Area is  white_vx8_e : 0 0 : 2701 4456 : Used 1 time 0
 Sort Area is  white_vx8_e : 0 1 : 1755 4456 : Used 1 time 0
 Sort Area is  white_vy2_9 : 0 0 : 2701 4456 : Used 1 time 0
 Sort Area is  white_vy2_9 : 0 1 : 1755 4456 : Used 1 time 0
 Sort Area is  blue2_19 : 0 0 : 2158 2158 : Used 1 time 0
 Sort Area is  blue2_1b : 0 0 : 2158 2158 : Used 1 time 0
 Sort Area is  red2_3 : 0 0 : 2158 2158 : Used 1 time 0
 Sort Area is  red2_6 : 0 0 : 2158 2158 : Used 1 time 0
 Sort Area is  white_vx2_15 : 0 0 : 2158 2158 : Used 1 time 0
 Sort Area is  white_vx2_17 : 0 0 : 2158 2158 : Used 1 time 0
 Sort Area is  white_vx8_11 : 0 0 : 2158 2158 : Used 1 time 0
 Sort Area is  white_vx8_8 : 0 0 : 2158 2158 : Used 1 time 0
 Sort Area is  white_vx8_d : 0 0 : 2158 2158 : Used 1 time 0
 Sort Area is  white_vx8_f : 0 0 : 2158 2158 : Used 1 time 0
 Sort Area is  white_vx2_13 : 0 0 : 1755 1755 : Used 1 time 0
 Sort Area is  white_vy2_a : 0 0 : 1755 1755 : Used 1 time 0
---------------------------------------------------------------------------------
Start ROM, RAM, DSP, Shift Register and Retiming Reporting
---------------------------------------------------------------------------------

DSP: Preliminary Mapping Report (see note below. The ' indicates corresponding REG is set)
+------------+----------------+--------+--------+--------+--------+--------+------+------+------+------+-------+------+------+
|Module Name | DSP Mapping    | A Size | B Size | C Size | D Size | P Size | AREG | BREG | CREG | DREG | ADREG | MREG | PREG | 
+------------+----------------+--------+--------+--------+--------+--------+------+------+------+------+-------+------+------+
|vga_driver  | A*B            | 18     | 15     | -      | -      | 48     | 0    | 0    | -    | -    | -     | 0    | 0    | 
|vga_driver  | A*B            | 18     | 18     | -      | -      | 48     | 0    | 0    | -    | -    | -     | 0    | 0    | 
|vga_driver  | (PCIN>>17)+A*B | 15     | 15     | -      | -      | 15     | 0    | 0    | -    | -    | -     | 0    | 0    | 
|vga_driver  | A*B            | 18     | 15     | -      | -      | 48     | 0    | 0    | -    | -    | -     | 0    | 0    | 
|vga_driver  | A*B            | 18     | 18     | -      | -      | 48     | 0    | 0    | -    | -    | -     | 0    | 0    | 
|vga_driver  | (PCIN>>17)+A*B | 15     | 15     | -      | -      | 15     | 0    | 0    | -    | -    | -     | 0    | 0    | 
|vga_driver  | A*B            | 18     | 15     | -      | -      | 48     | 0    | 0    | -    | -    | -     | 0    | 0    | 
|vga_driver  | A*B            | 18     | 18     | -      | -      | 48     | 0    | 0    | -    | -    | -     | 0    | 0    | 
|vga_driver  | (PCIN>>17)+A*B | 15     | 15     | -      | -      | 15     | 0    | 0    | -    | -    | -     | 0    | 0    | 
|vga_driver  | A*B            | 15     | 15     | -      | -      | 15     | 0    | 0    | -    | -    | -     | 0    | 0    | 
|vga_driver  | A*B            | 18     | 18     | -      | -      | 48     | 0    | 0    | -    | -    | -     | 0    | 0    | 
|vga_driver  | (PCIN>>17)+A*B | 15     | 15     | -      | -      | 15     | 0    | 0    | -    | -    | -     | 0    | 0    | 
|vga_driver  | A*B            | 18     | 15     | -      | -      | 48     | 0    | 0    | -    | -    | -     | 0    | 0    | 
|vga_driver  | A*B            | 18     | 18     | -      | -      | 48     | 0    | 0    | -    | -    | -     | 0    | 0    | 
|vga_driver  | (PCIN>>17)+A*B | 15     | 15     | -      | -      | 15     | 0    | 0    | -    | -    | -     | 0    | 0    | 
|vga_driver  | A*B            | 18     | 15     | -      | -      | 48     | 0    | 0    | -    | -    | -     | 0    | 0    | 
|vga_driver  | A*B            | 18     | 18     | -      | -      | 48     | 0    | 0    | -    | -    | -     | 0    | 0    | 
|vga_driver  | (PCIN>>17)+A*B | 15     | 15     | -      | -      | 15     | 0    | 0    | -    | -    | -     | 0    | 0    | 
|vga_driver  | A*B            | 18     | 15     | -      | -      | 48     | 0    | 0    | -    | -    | -     | 0    | 0    | 
|vga_driver  | A*B            | 18     | 18     | -      | -      | 48     | 0    | 0    | -    | -    | -     | 0    | 0    | 
|vga_driver  | (PCIN>>17)+A*B | 15     | 15     | -      | -      | 15     | 0    | 0    | -    | -    | -     | 0    | 0    | 
|vga_driver  | A*B            | 15     | 15     | -      | -      | 15     | 0    | 0    | -    | -    | -     | 0    | 0    | 
|vga_driver  | A*B            | 18     | 18     | -      | -      | 48     | 0    | 0    | -    | -    | -     | 0    | 0    | 
|vga_driver  | (PCIN>>17)+A*B | 15     | 15     | -      | -      | 15     | 0    | 0    | -    | -    | -     | 0    | 0    | 
|vga_driver  | A*B            | 18     | 15     | -      | -      | 48     | 0    | 0    | -    | -    | -     | 0    | 0    | 
|vga_driver  | A*B            | 18     | 18     | -      | -      | 48     | 0    | 0    | -    | -    | -     | 0    | 0    | 
|vga_driver  | (PCIN>>17)+A*B | 15     | 15     | -      | -      | 15     | 0    | 0    | -    | -    | -     | 0    | 0    | 
|vga_driver  | A*B            | 18     | 15     | -      | -      | 48     | 0    | 0    | -    | -    | -     | 0    | 0    | 
|vga_driver  | A*B            | 18     | 18     | -      | -      | 48     | 0    | 0    | -    | -    | -     | 0    | 0    | 
|vga_driver  | (PCIN>>17)+A*B | 15     | 15     | -      | -      | 15     | 0    | 0    | -    | -    | -     | 0    | 0    | 
|vga_driver  | A*B            | 18     | 15     | -      | -      | 48     | 0    | 0    | -    | -    | -     | 0    | 0    | 
|vga_driver  | A*B            | 18     | 18     | -      | -      | 48     | 0    | 0    | -    | -    | -     | 0    | 0    | 
|vga_driver  | (PCIN>>17)+A*B | 15     | 15     | -      | -      | 15     | 0    | 0    | -    | -    | -     | 0    | 0    | 
|vga_driver  | A*B            | 18     | 15     | -      | -      | 48     | 0    | 0    | -    | -    | -     | 0    | 0    | 
|vga_driver  | A*B            | 18     | 18     | -      | -      | 48     | 0    | 0    | -    | -    | -     | 0    | 0    | 
|vga_driver  | (PCIN>>17)+A*B | 15     | 15     | -      | -      | 15     | 0    | 0    | -    | -    | -     | 0    | 0    | 
+------------+----------------+--------+--------+--------+--------+--------+------+------+------+------+-------+------+------+

Note: The table above is a preliminary report that shows the DSPs inferred at the current stage of the synthesis flow. Some DSP may be reimplemented as non DSP primitives later in the synthesis flow. Multiple instantiated DSPs are reported only once.
---------------------------------------------------------------------------------
Finished ROM, RAM, DSP, Shift Register and Retiming Reporting
---------------------------------------------------------------------------------
---------------------------------------------------------------------------------
Start Applying XDC Timing Constraints
---------------------------------------------------------------------------------
---------------------------------------------------------------------------------
Finished Applying XDC Timing Constraints : Time (s): cpu = 00:00:16 ; elapsed = 00:00:17 . Memory (MB): peak = 1544.219 ; gain = 614.777
---------------------------------------------------------------------------------
---------------------------------------------------------------------------------
Start Timing Optimization
---------------------------------------------------------------------------------
---------------------------------------------------------------------------------
Finished Timing Optimization : Time (s): cpu = 00:00:16 ; elapsed = 00:00:17 . Memory (MB): peak = 1544.219 ; gain = 614.777
---------------------------------------------------------------------------------
---------------------------------------------------------------------------------
Start Technology Mapping
---------------------------------------------------------------------------------
INFO: [Synth 8-5966] Removing register instance (\white_y_reg[31] ) from module (vga_driver) as it has self-loop and (\white_y_reg[31]__0 ) is actual driver [C:/Users/Mashiro/lab05/lab05.srcs/sources_1/new/lab05.vhd:137]
INFO: [Synth 8-5966] Removing register instance (\new_white_y_reg[31] ) from module (vga_driver) as it has self-loop and (\white_y_reg[31]__0 ) is actual driver [C:/Users/Mashiro/lab05/lab05.srcs/sources_1/new/lab05.vhd:110]
INFO: [Synth 8-5966] Removing register instance (\white_y_reg[30] ) from module (vga_driver) as it has self-loop and (\white_y_reg[30]__0 ) is actual driver [C:/Users/Mashiro/lab05/lab05.srcs/sources_1/new/lab05.vhd:137]
INFO: [Synth 8-5966] Removing register instance (\new_white_y_reg[30] ) from module (vga_driver) as it has self-loop and (\white_y_reg[30]__0 ) is actual driver [C:/Users/Mashiro/lab05/lab05.srcs/sources_1/new/lab05.vhd:110]
INFO: [Synth 8-5966] Removing register instance (\white_y_reg[29] ) from module (vga_driver) as it has self-loop and (\white_y_reg[29]__0 ) is actual driver [C:/Users/Mashiro/lab05/lab05.srcs/sources_1/new/lab05.vhd:137]
INFO: [Synth 8-5966] Removing register instance (\new_white_y_reg[29] ) from module (vga_driver) as it has self-loop and (\white_y_reg[29]__0 ) is actual driver [C:/Users/Mashiro/lab05/lab05.srcs/sources_1/new/lab05.vhd:110]
INFO: [Synth 8-5966] Removing register instance (\white_y_reg[28] ) from module (vga_driver) as it has self-loop and (\white_y_reg[28]__0 ) is actual driver [C:/Users/Mashiro/lab05/lab05.srcs/sources_1/new/lab05.vhd:137]
INFO: [Synth 8-5966] Removing register instance (\new_white_y_reg[28] ) from module (vga_driver) as it has self-loop and (\white_y_reg[28]__0 ) is actual driver [C:/Users/Mashiro/lab05/lab05.srcs/sources_1/new/lab05.vhd:110]
INFO: [Synth 8-5966] Removing register instance (\white_y_reg[27] ) from module (vga_driver) as it has self-loop and (\white_y_reg[27]__0 ) is actual driver [C:/Users/Mashiro/lab05/lab05.srcs/sources_1/new/lab05.vhd:137]
INFO: [Synth 8-5966] Removing register instance (\new_white_y_reg[27] ) from module (vga_driver) as it has self-loop and (\white_y_reg[27]__0 ) is actual driver [C:/Users/Mashiro/lab05/lab05.srcs/sources_1/new/lab05.vhd:110]
INFO: [Synth 8-5966] Removing register instance (\white_y_reg[26] ) from module (vga_driver) as it has self-loop and (\white_y_reg[26]__0 ) is actual driver [C:/Users/Mashiro/lab05/lab05.srcs/sources_1/new/lab05.vhd:137]
INFO: [Synth 8-5966] Removing register instance (\new_white_y_reg[26] ) from module (vga_driver) as it has self-loop and (\white_y_reg[26]__0 ) is actual driver [C:/Users/Mashiro/lab05/lab05.srcs/sources_1/new/lab05.vhd:110]
INFO: [Synth 8-5966] Removing register instance (\white_y_reg[25] ) from module (vga_driver) as it has self-loop and (\white_y_reg[25]__0 ) is actual driver [C:/Users/Mashiro/lab05/lab05.srcs/sources_1/new/lab05.vhd:137]
INFO: [Synth 8-5966] Removing register instance (\new_white_y_reg[25] ) from module (vga_driver) as it has self-loop and (\white_y_reg[25]__0 ) is actual driver [C:/Users/Mashiro/lab05/lab05.srcs/sources_1/new/lab05.vhd:110]
INFO: [Synth 8-5966] Removing register instance (\white_y_reg[24] ) from module (vga_driver) as it has self-loop and (\white_y_reg[24]__0 ) is actual driver [C:/Users/Mashiro/lab05/lab05.srcs/sources_1/new/lab05.vhd:137]
INFO: [Synth 8-5966] Removing register instance (\new_white_y_reg[24] ) from module (vga_driver) as it has self-loop and (\white_y_reg[24]__0 ) is actual driver [C:/Users/Mashiro/lab05/lab05.srcs/sources_1/new/lab05.vhd:110]
INFO: [Synth 8-5966] Removing register instance (\white_y_reg[23] ) from module (vga_driver) as it has self-loop and (\white_y_reg[23]__0 ) is actual driver [C:/Users/Mashiro/lab05/lab05.srcs/sources_1/new/lab05.vhd:137]
INFO: [Synth 8-5966] Removing register instance (\new_white_y_reg[23] ) from module (vga_driver) as it has self-loop and (\white_y_reg[23]__0 ) is actual driver [C:/Users/Mashiro/lab05/lab05.srcs/sources_1/new/lab05.vhd:110]
INFO: [Synth 8-5966] Removing register instance (\white_y_reg[22] ) from module (vga_driver) as it has self-loop and (\white_y_reg[22]__0 ) is actual driver [C:/Users/Mashiro/lab05/lab05.srcs/sources_1/new/lab05.vhd:137]
INFO: [Synth 8-5966] Removing register instance (\new_white_y_reg[22] ) from module (vga_driver) as it has self-loop and (\white_y_reg[22]__0 ) is actual driver [C:/Users/Mashiro/lab05/lab05.srcs/sources_1/new/lab05.vhd:110]
INFO: [Synth 8-5966] Removing register instance (\white_y_reg[21] ) from module (vga_driver) as it has self-loop and (\white_y_reg[21]__0 ) is actual driver [C:/Users/Mashiro/lab05/lab05.srcs/sources_1/new/lab05.vhd:137]
INFO: [Synth 8-5966] Removing register instance (\new_white_y_reg[21] ) from module (vga_driver) as it has self-loop and (\white_y_reg[21]__0 ) is actual driver [C:/Users/Mashiro/lab05/lab05.srcs/sources_1/new/lab05.vhd:110]
INFO: [Synth 8-5966] Removing register instance (\white_y_reg[20] ) from module (vga_driver) as it has self-loop and (\white_y_reg[20]__0 ) is actual driver [C:/Users/Mashiro/lab05/lab05.srcs/sources_1/new/lab05.vhd:137]
INFO: [Synth 8-5966] Removing register instance (\new_white_y_reg[20] ) from module (vga_driver) as it has self-loop and (\white_y_reg[20]__0 ) is actual driver [C:/Users/Mashiro/lab05/lab05.srcs/sources_1/new/lab05.vhd:110]
INFO: [Synth 8-5966] Removing register instance (\white_y_reg[19] ) from module (vga_driver) as it has self-loop and (\white_y_reg[19]__0 ) is actual driver [C:/Users/Mashiro/lab05/lab05.srcs/sources_1/new/lab05.vhd:137]
INFO: [Synth 8-5966] Removing register instance (\new_white_y_reg[19] ) from module (vga_driver) as it has self-loop and (\white_y_reg[19]__0 ) is actual driver [C:/Users/Mashiro/lab05/lab05.srcs/sources_1/new/lab05.vhd:110]
INFO: [Synth 8-5966] Removing register instance (\white_y_reg[18] ) from module (vga_driver) as it has self-loop and (\white_y_reg[18]__0 ) is actual driver [C:/Users/Mashiro/lab05/lab05.srcs/sources_1/new/lab05.vhd:137]
INFO: [Synth 8-5966] Removing register instance (\new_white_y_reg[18] ) from module (vga_driver) as it has self-loop and (\white_y_reg[18]__0 ) is actual driver [C:/Users/Mashiro/lab05/lab05.srcs/sources_1/new/lab05.vhd:110]
INFO: [Synth 8-5966] Removing register instance (\white_y_reg[17] ) from module (vga_driver) as it has self-loop and (\white_y_reg[17]__0 ) is actual driver [C:/Users/Mashiro/lab05/lab05.srcs/sources_1/new/lab05.vhd:137]
INFO: [Synth 8-5966] Removing register instance (\new_white_y_reg[17] ) from module (vga_driver) as it has self-loop and (\white_y_reg[17]__0 ) is actual driver [C:/Users/Mashiro/lab05/lab05.srcs/sources_1/new/lab05.vhd:110]
INFO: [Synth 8-5966] Removing register instance (\white_y_reg[16] ) from module (vga_driver) as it has self-loop and (\white_y_reg[16]__0 ) is actual driver [C:/Users/Mashiro/lab05/lab05.srcs/sources_1/new/lab05.vhd:137]
INFO: [Synth 8-5966] Removing register instance (\new_white_y_reg[16] ) from module (vga_driver) as it has self-loop and (\white_y_reg[16]__0 ) is actual driver [C:/Users/Mashiro/lab05/lab05.srcs/sources_1/new/lab05.vhd:110]
INFO: [Synth 8-5966] Removing register instance (\white_y_reg[15] ) from module (vga_driver) as it has self-loop and (\white_y_reg[15]__0 ) is actual driver [C:/Users/Mashiro/lab05/lab05.srcs/sources_1/new/lab05.vhd:137]
INFO: [Synth 8-5966] Removing register instance (\new_white_y_reg[15] ) from module (vga_driver) as it has self-loop and (\white_y_reg[15]__0 ) is actual driver [C:/Users/Mashiro/lab05/lab05.srcs/sources_1/new/lab05.vhd:110]
INFO: [Synth 8-5966] Removing register instance (\white_y_reg[14] ) from module (vga_driver) as it has self-loop and (\white_y_reg[14]__0 ) is actual driver [C:/Users/Mashiro/lab05/lab05.srcs/sources_1/new/lab05.vhd:137]
INFO: [Synth 8-5966] Removing register instance (\new_white_y_reg[14] ) from module (vga_driver) as it has self-loop and (\white_y_reg[14]__0 ) is actual driver [C:/Users/Mashiro/lab05/lab05.srcs/sources_1/new/lab05.vhd:110]
INFO: [Synth 8-5966] Removing register instance (\white_y_reg[13] ) from module (vga_driver) as it has self-loop and (\white_y_reg[13]__0 ) is actual driver [C:/Users/Mashiro/lab05/lab05.srcs/sources_1/new/lab05.vhd:137]
INFO: [Synth 8-5966] Removing register instance (\new_white_y_reg[13] ) from module (vga_driver) as it has self-loop and (\white_y_reg[13]__0 ) is actual driver [C:/Users/Mashiro/lab05/lab05.srcs/sources_1/new/lab05.vhd:110]
INFO: [Synth 8-5966] Removing register instance (\white_y_reg[12] ) from module (vga_driver) as it has self-loop and (\white_y_reg[12]__0 ) is actual driver [C:/Users/Mashiro/lab05/lab05.srcs/sources_1/new/lab05.vhd:137]
INFO: [Synth 8-5966] Removing register instance (\new_white_y_reg[12] ) from module (vga_driver) as it has self-loop and (\white_y_reg[12]__0 ) is actual driver [C:/Users/Mashiro/lab05/lab05.srcs/sources_1/new/lab05.vhd:110]
INFO: [Synth 8-5966] Removing register instance (\white_y_reg[11] ) from module (vga_driver) as it has self-loop and (\white_y_reg[11]__0 ) is actual driver [C:/Users/Mashiro/lab05/lab05.srcs/sources_1/new/lab05.vhd:137]
INFO: [Synth 8-5966] Removing register instance (\new_white_y_reg[11] ) from module (vga_driver) as it has self-loop and (\white_y_reg[11]__0 ) is actual driver [C:/Users/Mashiro/lab05/lab05.srcs/sources_1/new/lab05.vhd:110]
INFO: [Synth 8-5966] Removing register instance (\white_y_reg[10] ) from module (vga_driver) as it has self-loop and (\white_y_reg[10]__0 ) is actual driver [C:/Users/Mashiro/lab05/lab05.srcs/sources_1/new/lab05.vhd:137]
INFO: [Synth 8-5966] Removing register instance (\new_white_y_reg[10] ) from module (vga_driver) as it has self-loop and (\white_y_reg[10]__0 ) is actual driver [C:/Users/Mashiro/lab05/lab05.srcs/sources_1/new/lab05.vhd:110]
INFO: [Synth 8-5966] Removing register instance (\white_y_reg[9] ) from module (vga_driver) as it has self-loop and (\white_y_reg[9]__0 ) is actual driver [C:/Users/Mashiro/lab05/lab05.srcs/sources_1/new/lab05.vhd:137]
INFO: [Synth 8-5966] Removing register instance (\new_white_y_reg[9] ) from module (vga_driver) as it has self-loop and (\white_y_reg[9]__0 ) is actual driver [C:/Users/Mashiro/lab05/lab05.srcs/sources_1/new/lab05.vhd:110]
INFO: [Synth 8-5966] Removing register instance (\white_y_reg[8] ) from module (vga_driver) as it has self-loop and (\white_y_reg[8]__0 ) is actual driver [C:/Users/Mashiro/lab05/lab05.srcs/sources_1/new/lab05.vhd:137]
INFO: [Synth 8-5966] Removing register instance (\new_white_y_reg[8] ) from module (vga_driver) as it has self-loop and (\white_y_reg[8]__0 ) is actual driver [C:/Users/Mashiro/lab05/lab05.srcs/sources_1/new/lab05.vhd:110]
INFO: [Synth 8-5966] Removing register instance (\white_y_reg[7] ) from module (vga_driver) as it has self-loop and (\white_y_reg[7]__0 ) is actual driver [C:/Users/Mashiro/lab05/lab05.srcs/sources_1/new/lab05.vhd:137]
INFO: [Synth 8-5966] Removing register instance (\new_white_y_reg[7] ) from module (vga_driver) as it has self-loop and (\white_y_reg[7]__0 ) is actual driver [C:/Users/Mashiro/lab05/lab05.srcs/sources_1/new/lab05.vhd:110]
INFO: [Synth 8-5966] Removing register instance (\white_y_reg[6] ) from module (vga_driver) as it has self-loop and (\white_y_reg[6]__0 ) is actual driver [C:/Users/Mashiro/lab05/lab05.srcs/sources_1/new/lab05.vhd:137]
INFO: [Synth 8-5966] Removing register instance (\new_white_y_reg[6] ) from module (vga_driver) as it has self-loop and (\white_y_reg[6]__0 ) is actual driver [C:/Users/Mashiro/lab05/lab05.srcs/sources_1/new/lab05.vhd:110]
INFO: [Synth 8-5966] Removing register instance (\white_y_reg[5] ) from module (vga_driver) as it has self-loop and (\white_y_reg[5]__0 ) is actual driver [C:/Users/Mashiro/lab05/lab05.srcs/sources_1/new/lab05.vhd:137]
INFO: [Synth 8-5966] Removing register instance (\new_white_y_reg[5] ) from module (vga_driver) as it has self-loop and (\white_y_reg[5]__0 ) is actual driver [C:/Users/Mashiro/lab05/lab05.srcs/sources_1/new/lab05.vhd:110]
INFO: [Synth 8-5966] Removing register instance (\white_y_reg[4] ) from module (vga_driver) as it has self-loop and (\white_y_reg[4]__0 ) is actual driver [C:/Users/Mashiro/lab05/lab05.srcs/sources_1/new/lab05.vhd:137]
INFO: [Synth 8-5966] Removing register instance (\new_white_y_reg[4] ) from module (vga_driver) as it has self-loop and (\white_y_reg[4]__0 ) is actual driver [C:/Users/Mashiro/lab05/lab05.srcs/sources_1/new/lab05.vhd:110]
INFO: [Synth 8-5966] Removing register instance (\white_y_reg[3] ) from module (vga_driver) as it has self-loop and (\white_y_reg[3]__0 ) is actual driver [C:/Users/Mashiro/lab05/lab05.srcs/sources_1/new/lab05.vhd:137]
INFO: [Synth 8-5966] Removing register instance (\new_white_y_reg[3] ) from module (vga_driver) as it has self-loop and (\white_y_reg[3]__0 ) is actual driver [C:/Users/Mashiro/lab05/lab05.srcs/sources_1/new/lab05.vhd:110]
INFO: [Synth 8-5966] Removing register instance (\white_y_reg[2] ) from module (vga_driver) as it has self-loop and (\white_y_reg[2]__0 ) is actual driver [C:/Users/Mashiro/lab05/lab05.srcs/sources_1/new/lab05.vhd:137]
INFO: [Synth 8-5966] Removing register instance (\new_white_y_reg[2] ) from module (vga_driver) as it has self-loop and (\white_y_reg[2]__0 ) is actual driver [C:/Users/Mashiro/lab05/lab05.srcs/sources_1/new/lab05.vhd:110]
INFO: [Synth 8-5966] Removing register instance (\white_y_reg[1] ) from module (vga_driver) as it has self-loop and (\white_y_reg[1]__0 ) is actual driver [C:/Users/Mashiro/lab05/lab05.srcs/sources_1/new/lab05.vhd:137]
INFO: [Synth 8-5966] Removing register instance (\new_white_y_reg[1] ) from module (vga_driver) as it has self-loop and (\white_y_reg[1]__0 ) is actual driver [C:/Users/Mashiro/lab05/lab05.srcs/sources_1/new/lab05.vhd:110]
INFO: [Synth 8-5966] Removing register instance (\white_y_reg[0] ) from module (vga_driver) as it has self-loop and (\white_y_reg[0]__0 ) is actual driver [C:/Users/Mashiro/lab05/lab05.srcs/sources_1/new/lab05.vhd:137]
INFO: [Synth 8-5966] Removing register instance (\new_white_y_reg[0] ) from module (vga_driver) as it has self-loop and (\white_y_reg[0]__0 ) is actual driver [C:/Users/Mashiro/lab05/lab05.srcs/sources_1/new/lab05.vhd:110]
INFO: [Synth 8-5966] Removing register instance (\white_x_reg[31] ) from module (vga_driver) as it has self-loop and (\white_x_reg[31]__0 ) is actual driver [C:/Users/Mashiro/lab05/lab05.srcs/sources_1/new/lab05.vhd:136]
INFO: [Synth 8-5966] Removing register instance (\new_white_x_reg[31] ) from module (vga_driver) as it has self-loop and (\white_x_reg[31]__0 ) is actual driver [C:/Users/Mashiro/lab05/lab05.srcs/sources_1/new/lab05.vhd:109]
INFO: [Synth 8-5966] Removing register instance (\white_x_reg[30] ) from module (vga_driver) as it has self-loop and (\white_x_reg[30]__0 ) is actual driver [C:/Users/Mashiro/lab05/lab05.srcs/sources_1/new/lab05.vhd:136]
INFO: [Synth 8-5966] Removing register instance (\new_white_x_reg[30] ) from module (vga_driver) as it has self-loop and (\white_x_reg[30]__0 ) is actual driver [C:/Users/Mashiro/lab05/lab05.srcs/sources_1/new/lab05.vhd:109]
INFO: [Synth 8-5966] Removing register instance (\white_x_reg[29] ) from module (vga_driver) as it has self-loop and (\white_x_reg[29]__0 ) is actual driver [C:/Users/Mashiro/lab05/lab05.srcs/sources_1/new/lab05.vhd:136]
INFO: [Synth 8-5966] Removing register instance (\new_white_x_reg[29] ) from module (vga_driver) as it has self-loop and (\white_x_reg[29]__0 ) is actual driver [C:/Users/Mashiro/lab05/lab05.srcs/sources_1/new/lab05.vhd:109]
INFO: [Synth 8-5966] Removing register instance (\white_x_reg[28] ) from module (vga_driver) as it has self-loop and (\white_x_reg[28]__0 ) is actual driver [C:/Users/Mashiro/lab05/lab05.srcs/sources_1/new/lab05.vhd:136]
INFO: [Synth 8-5966] Removing register instance (\new_white_x_reg[28] ) from module (vga_driver) as it has self-loop and (\white_x_reg[28]__0 ) is actual driver [C:/Users/Mashiro/lab05/lab05.srcs/sources_1/new/lab05.vhd:109]
INFO: [Synth 8-5966] Removing register instance (\white_x_reg[27] ) from module (vga_driver) as it has self-loop and (\white_x_reg[27]__0 ) is actual driver [C:/Users/Mashiro/lab05/lab05.srcs/sources_1/new/lab05.vhd:136]
INFO: [Synth 8-5966] Removing register instance (\new_white_x_reg[27] ) from module (vga_driver) as it has self-loop and (\white_x_reg[27]__0 ) is actual driver [C:/Users/Mashiro/lab05/lab05.srcs/sources_1/new/lab05.vhd:109]
INFO: [Synth 8-5966] Removing register instance (\white_x_reg[26] ) from module (vga_driver) as it has self-loop and (\white_x_reg[26]__0 ) is actual driver [C:/Users/Mashiro/lab05/lab05.srcs/sources_1/new/lab05.vhd:136]
INFO: [Synth 8-5966] Removing register instance (\new_white_x_reg[26] ) from module (vga_driver) as it has self-loop and (\white_x_reg[26]__0 ) is actual driver [C:/Users/Mashiro/lab05/lab05.srcs/sources_1/new/lab05.vhd:109]
INFO: [Synth 8-5966] Removing register instance (\white_x_reg[25] ) from module (vga_driver) as it has self-loop and (\white_x_reg[25]__0 ) is actual driver [C:/Users/Mashiro/lab05/lab05.srcs/sources_1/new/lab05.vhd:136]
INFO: [Synth 8-5966] Removing register instance (\new_white_x_reg[25] ) from module (vga_driver) as it has self-loop and (\white_x_reg[25]__0 ) is actual driver [C:/Users/Mashiro/lab05/lab05.srcs/sources_1/new/lab05.vhd:109]
INFO: [Synth 8-5966] Removing register instance (\white_x_reg[24] ) from module (vga_driver) as it has self-loop and (\white_x_reg[24]__0 ) is actual driver [C:/Users/Mashiro/lab05/lab05.srcs/sources_1/new/lab05.vhd:136]
INFO: [Synth 8-5966] Removing register instance (\new_white_x_reg[24] ) from module (vga_driver) as it has self-loop and (\white_x_reg[24]__0 ) is actual driver [C:/Users/Mashiro/lab05/lab05.srcs/sources_1/new/lab05.vhd:109]
INFO: [Synth 8-5966] Removing register instance (\white_x_reg[23] ) from module (vga_driver) as it has self-loop and (\white_x_reg[23]__0 ) is actual driver [C:/Users/Mashiro/lab05/lab05.srcs/sources_1/new/lab05.vhd:136]
INFO: [Synth 8-5966] Removing register instance (\new_white_x_reg[23] ) from module (vga_driver) as it has self-loop and (\white_x_reg[23]__0 ) is actual driver [C:/Users/Mashiro/lab05/lab05.srcs/sources_1/new/lab05.vhd:109]
INFO: [Synth 8-5966] Removing register instance (\white_x_reg[22] ) from module (vga_driver) as it has self-loop and (\white_x_reg[22]__0 ) is actual driver [C:/Users/Mashiro/lab05/lab05.srcs/sources_1/new/lab05.vhd:136]
INFO: [Synth 8-5966] Removing register instance (\new_white_x_reg[22] ) from module (vga_driver) as it has self-loop and (\white_x_reg[22]__0 ) is actual driver [C:/Users/Mashiro/lab05/lab05.srcs/sources_1/new/lab05.vhd:109]
INFO: [Synth 8-5966] Removing register instance (\white_x_reg[21] ) from module (vga_driver) as it has self-loop and (\white_x_reg[21]__0 ) is actual driver [C:/Users/Mashiro/lab05/lab05.srcs/sources_1/new/lab05.vhd:136]
INFO: [Synth 8-5966] Removing register instance (\new_white_x_reg[21] ) from module (vga_driver) as it has self-loop and (\white_x_reg[21]__0 ) is actual driver [C:/Users/Mashiro/lab05/lab05.srcs/sources_1/new/lab05.vhd:109]
INFO: [Synth 8-5966] Removing register instance (\white_x_reg[20] ) from module (vga_driver) as it has self-loop and (\white_x_reg[20]__0 ) is actual driver [C:/Users/Mashiro/lab05/lab05.srcs/sources_1/new/lab05.vhd:136]
INFO: [Synth 8-5966] Removing register instance (\new_white_x_reg[20] ) from module (vga_driver) as it has self-loop and (\white_x_reg[20]__0 ) is actual driver [C:/Users/Mashiro/lab05/lab05.srcs/sources_1/new/lab05.vhd:109]
INFO: [Synth 8-5966] Removing register instance (\white_x_reg[19] ) from module (vga_driver) as it has self-loop and (\white_x_reg[19]__0 ) is actual driver [C:/Users/Mashiro/lab05/lab05.srcs/sources_1/new/lab05.vhd:136]
INFO: [Synth 8-5966] Removing register instance (\new_white_x_reg[19] ) from module (vga_driver) as it has self-loop and (\white_x_reg[19]__0 ) is actual driver [C:/Users/Mashiro/lab05/lab05.srcs/sources_1/new/lab05.vhd:109]
INFO: [Synth 8-5966] Removing register instance (\white_x_reg[18] ) from module (vga_driver) as it has self-loop and (\white_x_reg[18]__0 ) is actual driver [C:/Users/Mashiro/lab05/lab05.srcs/sources_1/new/lab05.vhd:136]
INFO: [Synth 8-5966] Removing register instance (\new_white_x_reg[18] ) from module (vga_driver) as it has self-loop and (\white_x_reg[18]__0 ) is actual driver [C:/Users/Mashiro/lab05/lab05.srcs/sources_1/new/lab05.vhd:109]
INFO: [Synth 8-5966] Removing register instance (\white_x_reg[17] ) from module (vga_driver) as it has self-loop and (\white_x_reg[17]__0 ) is actual driver [C:/Users/Mashiro/lab05/lab05.srcs/sources_1/new/lab05.vhd:136]
INFO: [Synth 8-5966] Removing register instance (\new_white_x_reg[17] ) from module (vga_driver) as it has self-loop and (\white_x_reg[17]__0 ) is actual driver [C:/Users/Mashiro/lab05/lab05.srcs/sources_1/new/lab05.vhd:109]
INFO: [Synth 8-5966] Removing register instance (\white_x_reg[16] ) from module (vga_driver) as it has self-loop and (\white_x_reg[16]__0 ) is actual driver [C:/Users/Mashiro/lab05/lab05.srcs/sources_1/new/lab05.vhd:136]
INFO: [Synth 8-5966] Removing register instance (\new_white_x_reg[16] ) from module (vga_driver) as it has self-loop and (\white_x_reg[16]__0 ) is actual driver [C:/Users/Mashiro/lab05/lab05.srcs/sources_1/new/lab05.vhd:109]
INFO: [Synth 8-5966] Removing register instance (\white_x_reg[15] ) from module (vga_driver) as it has self-loop and (\white_x_reg[15]__0 ) is actual driver [C:/Users/Mashiro/lab05/lab05.srcs/sources_1/new/lab05.vhd:136]
INFO: [Synth 8-5966] Removing register instance (\new_white_x_reg[15] ) from module (vga_driver) as it has self-loop and (\white_x_reg[15]__0 ) is actual driver [C:/Users/Mashiro/lab05/lab05.srcs/sources_1/new/lab05.vhd:109]
INFO: [Synth 8-5966] Removing register instance (\white_x_reg[14] ) from module (vga_driver) as it has self-loop and (\white_x_reg[14]__0 ) is actual driver [C:/Users/Mashiro/lab05/lab05.srcs/sources_1/new/lab05.vhd:136]
INFO: [Synth 8-5966] Removing register instance (\new_white_x_reg[14] ) from module (vga_driver) as it has self-loop and (\white_x_reg[14]__0 ) is actual driver [C:/Users/Mashiro/lab05/lab05.srcs/sources_1/new/lab05.vhd:109]
INFO: [Common 17-14] Message 'Synth 8-5966' appears 100 times and further instances of the messages will be disabled. Use the Tcl command set_msg_config to change the current settings.
---------------------------------------------------------------------------------
Finished Technology Mapping : Time (s): cpu = 00:00:17 ; elapsed = 00:00:17 . Memory (MB): peak = 1544.219 ; gain = 614.777
---------------------------------------------------------------------------------
---------------------------------------------------------------------------------
Start IO Insertion
---------------------------------------------------------------------------------
---------------------------------------------------------------------------------
Start Flattening Before IO Insertion
---------------------------------------------------------------------------------
---------------------------------------------------------------------------------
Finished Flattening Before IO Insertion
---------------------------------------------------------------------------------
---------------------------------------------------------------------------------
Start Final Netlist Cleanup
---------------------------------------------------------------------------------
---------------------------------------------------------------------------------
Finished Final Netlist Cleanup
---------------------------------------------------------------------------------
---------------------------------------------------------------------------------
Finished IO Insertion : Time (s): cpu = 00:00:19 ; elapsed = 00:00:20 . Memory (MB): peak = 1548.516 ; gain = 619.074
---------------------------------------------------------------------------------
---------------------------------------------------------------------------------
Start Renaming Generated Instances
---------------------------------------------------------------------------------
---------------------------------------------------------------------------------
Finished Renaming Generated Instances : Time (s): cpu = 00:00:19 ; elapsed = 00:00:20 . Memory (MB): peak = 1548.516 ; gain = 619.074
---------------------------------------------------------------------------------
---------------------------------------------------------------------------------
Start Rebuilding User Hierarchy
---------------------------------------------------------------------------------
---------------------------------------------------------------------------------
Finished Rebuilding User Hierarchy : Time (s): cpu = 00:00:19 ; elapsed = 00:00:20 . Memory (MB): peak = 1548.516 ; gain = 619.074
---------------------------------------------------------------------------------
---------------------------------------------------------------------------------
Start Renaming Generated Ports
---------------------------------------------------------------------------------
---------------------------------------------------------------------------------
Finished Renaming Generated Ports : Time (s): cpu = 00:00:19 ; elapsed = 00:00:20 . Memory (MB): peak = 1548.516 ; gain = 619.074
---------------------------------------------------------------------------------
---------------------------------------------------------------------------------
Start Handling Custom Attributes
---------------------------------------------------------------------------------
---------------------------------------------------------------------------------
Finished Handling Custom Attributes : Time (s): cpu = 00:00:19 ; elapsed = 00:00:20 . Memory (MB): peak = 1548.516 ; gain = 619.074
---------------------------------------------------------------------------------
---------------------------------------------------------------------------------
Start Renaming Generated Nets
---------------------------------------------------------------------------------
---------------------------------------------------------------------------------
Finished Renaming Generated Nets : Time (s): cpu = 00:00:19 ; elapsed = 00:00:20 . Memory (MB): peak = 1548.516 ; gain = 619.074
---------------------------------------------------------------------------------
---------------------------------------------------------------------------------
Start Writing Synthesis Report
---------------------------------------------------------------------------------

DSP Final Report (the ' indicates corresponding REG is set)
+------------+--------------+--------+--------+--------+--------+--------+------+------+------+------+-------+------+------+
|Module Name | DSP Mapping  | A Size | B Size | C Size | D Size | P Size | AREG | BREG | CREG | DREG | ADREG | MREG | PREG | 
+------------+--------------+--------+--------+--------+--------+--------+------+------+------+------+-------+------+------+
|vga_driver  | A*B          | 17     | 18     | -      | -      | 48     | 0    | 0    | -    | -    | -     | 0    | 0    | 
|vga_driver  | A*B          | 17     | 17     | -      | -      | 48     | 0    | 0    | -    | -    | -     | 0    | 0    | 
|vga_driver  | PCIN>>17+A*B | 30     | 18     | -      | -      | 15     | 0    | 0    | -    | -    | -     | 0    | 0    | 
|vga_driver  | A*B          | 17     | 18     | -      | -      | 48     | 0    | 0    | -    | -    | -     | 0    | 0    | 
|vga_driver  | A*B          | 17     | 17     | -      | -      | 48     | 0    | 0    | -    | -    | -     | 0    | 0    | 
|vga_driver  | PCIN>>17+A*B | 30     | 18     | -      | -      | 15     | 0    | 0    | -    | -    | -     | 0    | 0    | 
|vga_driver  | A*B          | 17     | 18     | -      | -      | 48     | 0    | 0    | -    | -    | -     | 0    | 0    | 
|vga_driver  | A*B          | 17     | 17     | -      | -      | 48     | 0    | 0    | -    | -    | -     | 0    | 0    | 
|vga_driver  | PCIN>>17+A*B | 30     | 18     | -      | -      | 15     | 0    | 0    | -    | -    | -     | 0    | 0    | 
|vga_driver  | A*B          | 30     | 18     | -      | -      | 15     | 0    | 0    | -    | -    | -     | 0    | 0    | 
|vga_driver  | A*B          | 17     | 17     | -      | -      | 48     | 0    | 0    | -    | -    | -     | 0    | 0    | 
|vga_driver  | PCIN>>17+A*B | 30     | 18     | -      | -      | 15     | 0    | 0    | -    | -    | -     | 0    | 0    | 
|vga_driver  | A*B          | 17     | 18     | -      | -      | 48     | 0    | 0    | -    | -    | -     | 0    | 0    | 
|vga_driver  | A*B          | 17     | 17     | -      | -      | 48     | 0    | 0    | -    | -    | -     | 0    | 0    | 
|vga_driver  | PCIN>>17+A*B | 30     | 18     | -      | -      | 15     | 0    | 0    | -    | -    | -     | 0    | 0    | 
|vga_driver  | A*B          | 17     | 18     | -      | -      | 48     | 0    | 0    | -    | -    | -     | 0    | 0    | 
|vga_driver  | A*B          | 17     | 17     | -      | -      | 48     | 0    | 0    | -    | -    | -     | 0    | 0    | 
|vga_driver  | PCIN>>17+A*B | 30     | 18     | -      | -      | 15     | 0    | 0    | -    | -    | -     | 0    | 0    | 
|vga_driver  | A*B          | 17     | 18     | -      | -      | 48     | 0    | 0    | -    | -    | -     | 0    | 0    | 
|vga_driver  | A*B          | 17     | 17     | -      | -      | 48     | 0    | 0    | -    | -    | -     | 0    | 0    | 
|vga_driver  | PCIN>>17+A*B | 30     | 18     | -      | -      | 15     | 0    | 0    | -    | -    | -     | 0    | 0    | 
|vga_driver  | A*B          | 30     | 18     | -      | -      | 15     | 0    | 0    | -    | -    | -     | 0    | 0    | 
|vga_driver  | A*B          | 17     | 17     | -      | -      | 48     | 0    | 0    | -    | -    | -     | 0    | 0    | 
|vga_driver  | PCIN>>17+A*B | 30     | 18     | -      | -      | 15     | 0    | 0    | -    | -    | -     | 0    | 0    | 
|vga_driver  | A*B          | 17     | 18     | -      | -      | 48     | 0    | 0    | -    | -    | -     | 0    | 0    | 
|vga_driver  | A*B          | 17     | 17     | -      | -      | 48     | 0    | 0    | -    | -    | -     | 0    | 0    | 
|vga_driver  | PCIN>>17+A*B | 30     | 18     | -      | -      | 15     | 0    | 0    | -    | -    | -     | 0    | 0    | 
|vga_driver  | A*B          | 17     | 18     | -      | -      | 48     | 0    | 0    | -    | -    | -     | 0    | 0    | 
|vga_driver  | A*B          | 17     | 17     | -      | -      | 48     | 0    | 0    | -    | -    | -     | 0    | 0    | 
|vga_driver  | PCIN>>17+A*B | 30     | 18     | -      | -      | 15     | 0    | 0    | -    | -    | -     | 0    | 0    | 
|vga_driver  | A*B          | 17     | 18     | -      | -      | 48     | 0    | 0    | -    | -    | -     | 0    | 0    | 
|vga_driver  | A*B          | 17     | 17     | -      | -      | 48     | 0    | 0    | -    | -    | -     | 0    | 0    | 
|vga_driver  | PCIN>>17+A*B | 30     | 18     | -      | -      | 15     | 0    | 0    | -    | -    | -     | 0    | 0    | 
|vga_driver  | A*B          | 17     | 18     | -      | -      | 48     | 0    | 0    | -    | -    | -     | 0    | 0    | 
|vga_driver  | A*B          | 17     | 17     | -      | -      | 48     | 0    | 0    | -    | -    | -     | 0    | 0    | 
|vga_driver  | PCIN>>17+A*B | 30     | 18     | -      | -      | 15     | 0    | 0    | -    | -    | -     | 0    | 0    | 
+------------+--------------+--------+--------+--------+--------+--------+------+------+------+------+-------+------+------+


Report BlackBoxes: 
+-+--------------+----------+
| |BlackBox name |Instances |
+-+--------------+----------+
+-+--------------+----------+

Report Cell Usage: 
+------+--------+------+
|      |Cell    |Count |
+------+--------+------+
|1     |BUFG    |     3|
|2     |CARRY4  |   619|
|3     |DSP48E1 |    36|
|4     |LUT1    |   176|
|5     |LUT2    |  1111|
|6     |LUT3    |   156|
|7     |LUT4    |    99|
|8     |LUT5    |   935|
|9     |LUT6    |    22|
|10    |FDRE    |   384|
|11    |IBUF    |     5|
|12    |OBUF    |    14|
+------+--------+------+
---------------------------------------------------------------------------------
Finished Writing Synthesis Report : Time (s): cpu = 00:00:19 ; elapsed = 00:00:20 . Memory (MB): peak = 1548.516 ; gain = 619.074
---------------------------------------------------------------------------------
Synthesis finished with 0 errors, 0 critical warnings and 1 warnings.
Synthesis Optimization Runtime : Time (s): cpu = 00:00:14 ; elapsed = 00:00:19 . Memory (MB): peak = 1548.516 ; gain = 553.051
Synthesis Optimization Complete : Time (s): cpu = 00:00:19 ; elapsed = 00:00:20 . Memory (MB): peak = 1548.516 ; gain = 619.074
INFO: [Project 1-571] Translating synthesized netlist
Netlist sorting complete. Time (s): cpu = 00:00:00 ; elapsed = 00:00:00.025 . Memory (MB): peak = 1560.633 ; gain = 0.000
INFO: [Netlist 29-17] Analyzing 655 Unisim elements for replacement
INFO: [Netlist 29-28] Unisim Transformation completed in 0 CPU seconds
WARNING: [Netlist 29-101] Netlist 'vga_driver' is not ideal for floorplanning, since the cellview 'vga_driver' contains a large number of primitives.  Please consider enabling hierarchy in synthesis if you want to do floorplanning.
INFO: [Project 1-570] Preparing netlist for logic optimization
INFO: [Opt 31-138] Pushed 0 inverter(s) to 0 load pin(s).
Netlist sorting complete. Time (s): cpu = 00:00:00 ; elapsed = 00:00:00.001 . Memory (MB): peak = 1568.770 ; gain = 0.000
INFO: [Project 1-111] Unisim Transformation Summary:
No Unisim elements were transformed.

The system cannot find the path specified.
Synth Design complete | Checksum: 3e2f984b
INFO: [Common 17-83] Releasing license: Synthesis
130 Infos, 10 Warnings, 0 Critical Warnings and 0 Errors encountered.
synth_design completed successfully
synth_design: Time (s): cpu = 00:00:23 ; elapsed = 00:00:24 . Memory (MB): peak = 1568.770 ; gain = 1062.355
Write ShapeDB Complete: Time (s): cpu = 00:00:00 ; elapsed = 00:00:00.006 . Memory (MB): peak = 1568.770 ; gain = 0.000
INFO: [Common 17-1381] The checkpoint 'C:/Users/Mashiro/lab05/lab05.runs/synth_1/vga_driver.dcp' has been generated.
INFO: [runtcl-4] Executing : report_utilization -file vga_driver_utilization_synth.rpt -pb vga_driver_utilization_synth.pb
INFO: [Common 17-206] Exiting Vivado at Thu May  9 17:51:07 2024...
